<?xml version="1.0" encoding="UTF-8"?>
<!-- Generated by org.testng.reporters.JUnitReportReporter -->
<testsuite hostname="Vivek" failures="0" tests="1" name="testNG_Scripts.Acti_Scpt" time="23.306" errors="0" timestamp="2022-11-17T19:26:42 IST" skipped="0">
  <testcase classname="testNG_Scripts.Acti_Scpt" name="Actlgn" time="23.306"/>
  <system-out/>
</testsuite> <!-- testNG_Scripts.Acti_Scpt -->
